<?xml version="1.0" encoding="UTF-8"?>
<!-- Generated by org.testng.reporters.JUnitReportReporter -->
<testsuite skipped="0" hostname="USABOS217077L" name="zeroBank.testcases.FeedbackPageTest" tests="20" failures="3" timestamp="18 Oct 2018 21:43:38 GMT" time="212.460" errors="0">
  <testcase name="verifyFeedbackPageLabel" time="7.931" classname="zeroBank.testcases.FeedbackPageTest"/>
  <testcase name="validateSubmissionPage" time="9.731" classname="zeroBank.testcases.FeedbackPageTest"/>
  <testcase name="validateButtonsWithBlankTextBoxes" time="8.984" classname="zeroBank.testcases.FeedbackPageTest"/>
  <testcase name="validateButtonsWithFullInformation" time="12.880" classname="zeroBank.testcases.FeedbackPageTest"/>
  <testcase name="validateButtonsWithFullInformation" time="11.720" classname="zeroBank.testcases.FeedbackPageTest"/>
  <testcase name="validateButtonsWithFullInformation" time="8.614" classname="zeroBank.testcases.FeedbackPageTest">
    <failure type="java.lang.AssertionError" message="The format of entered email is not valid expected [true] but found [false]">
      <![CDATA[java.lang.AssertionError: The format of entered email is not valid expected [true] but found [false]
at org.testng.Assert.fail(Assert.java:96)
at org.testng.Assert.failNotEquals(Assert.java:776)
at org.testng.Assert.assertTrue(Assert.java:44)
at zeroBank.testcases.FeedbackPageTest.validateButtonsWithFullInformation(FeedbackPageTest.java:113)
at sun.reflect.NativeMethodAccessorImpl.invoke0(Native Method)
at sun.reflect.NativeMethodAccessorImpl.invoke(Unknown Source)
at sun.reflect.DelegatingMethodAccessorImpl.invoke(Unknown Source)
at java.lang.reflect.Method.invoke(Unknown Source)
at org.testng.internal.MethodInvocationHelper.invokeMethod(MethodInvocationHelper.java:124)
at org.testng.internal.Invoker.invokeMethod(Invoker.java:580)
at org.testng.internal.Invoker.invokeTestMethod(Invoker.java:716)
at org.testng.internal.Invoker.invokeTestMethods(Invoker.java:988)
at org.testng.internal.TestMethodWorker.invokeTestMethods(TestMethodWorker.java:125)
at org.testng.internal.TestMethodWorker.run(TestMethodWorker.java:109)
at org.testng.TestRunner.privateRun(TestRunner.java:648)
at org.testng.TestRunner.run(TestRunner.java:505)
at org.testng.SuiteRunner.runTest(SuiteRunner.java:455)
at org.testng.SuiteRunner.runSequentially(SuiteRunner.java:450)
at org.testng.SuiteRunner.privateRun(SuiteRunner.java:415)
at org.testng.SuiteRunner.run(SuiteRunner.java:364)
at org.testng.SuiteRunnerWorker.runSuite(SuiteRunnerWorker.java:52)
at org.testng.SuiteRunnerWorker.run(SuiteRunnerWorker.java:84)
at org.testng.TestNG.runSuitesSequentially(TestNG.java:1208)
at org.testng.TestNG.runSuitesLocally(TestNG.java:1137)
at org.testng.TestNG.runSuites(TestNG.java:1049)
at org.testng.TestNG.run(TestNG.java:1017)
at org.testng.remote.AbstractRemoteTestNG.run(AbstractRemoteTestNG.java:114)
at org.testng.remote.RemoteTestNG.initAndRun(RemoteTestNG.java:251)
at org.testng.remote.RemoteTestNG.main(RemoteTestNG.java:77)
]]>
    </failure>
  </testcase> <!-- validateButtonsWithFullInformation -->
  <testcase name="validateButtonsWithFullInformation" time="9.066" classname="zeroBank.testcases.FeedbackPageTest">
    <failure type="java.lang.AssertionError" message="The format of entered name is not valid expected [true] but found [false]">
      <![CDATA[java.lang.AssertionError: The format of entered name is not valid expected [true] but found [false]
at org.testng.Assert.fail(Assert.java:96)
at org.testng.Assert.failNotEquals(Assert.java:776)
at org.testng.Assert.assertTrue(Assert.java:44)
at zeroBank.testcases.FeedbackPageTest.validateButtonsWithFullInformation(FeedbackPageTest.java:110)
at sun.reflect.NativeMethodAccessorImpl.invoke0(Native Method)
at sun.reflect.NativeMethodAccessorImpl.invoke(Unknown Source)
at sun.reflect.DelegatingMethodAccessorImpl.invoke(Unknown Source)
at java.lang.reflect.Method.invoke(Unknown Source)
at org.testng.internal.MethodInvocationHelper.invokeMethod(MethodInvocationHelper.java:124)
at org.testng.internal.Invoker.invokeMethod(Invoker.java:580)
at org.testng.internal.Invoker.invokeTestMethod(Invoker.java:716)
at org.testng.internal.Invoker.invokeTestMethods(Invoker.java:988)
at org.testng.internal.TestMethodWorker.invokeTestMethods(TestMethodWorker.java:125)
at org.testng.internal.TestMethodWorker.run(TestMethodWorker.java:109)
at org.testng.TestRunner.privateRun(TestRunner.java:648)
at org.testng.TestRunner.run(TestRunner.java:505)
at org.testng.SuiteRunner.runTest(SuiteRunner.java:455)
at org.testng.SuiteRunner.runSequentially(SuiteRunner.java:450)
at org.testng.SuiteRunner.privateRun(SuiteRunner.java:415)
at org.testng.SuiteRunner.run(SuiteRunner.java:364)
at org.testng.SuiteRunnerWorker.runSuite(SuiteRunnerWorker.java:52)
at org.testng.SuiteRunnerWorker.run(SuiteRunnerWorker.java:84)
at org.testng.TestNG.runSuitesSequentially(TestNG.java:1208)
at org.testng.TestNG.runSuitesLocally(TestNG.java:1137)
at org.testng.TestNG.runSuites(TestNG.java:1049)
at org.testng.TestNG.run(TestNG.java:1017)
at org.testng.remote.AbstractRemoteTestNG.run(AbstractRemoteTestNG.java:114)
at org.testng.remote.RemoteTestNG.initAndRun(RemoteTestNG.java:251)
at org.testng.remote.RemoteTestNG.main(RemoteTestNG.java:77)
]]>
    </failure>
  </testcase> <!-- validateButtonsWithFullInformation -->
  <testcase name="validateButtonsWithFullInformation" time="10.650" classname="zeroBank.testcases.FeedbackPageTest"/>
  <testcase name="validateButtonsWithFullInformation" time="10.918" classname="zeroBank.testcases.FeedbackPageTest"/>
  <testcase name="validateButtonsWithFullInformation" time="11.582" classname="zeroBank.testcases.FeedbackPageTest"/>
  <testcase name="validateButtonsWithFullInformation" time="8.072" classname="zeroBank.testcases.FeedbackPageTest">
    <failure type="java.lang.AssertionError" message="The format of entered email is not valid expected [true] but found [false]">
      <![CDATA[java.lang.AssertionError: The format of entered email is not valid expected [true] but found [false]
at org.testng.Assert.fail(Assert.java:96)
at org.testng.Assert.failNotEquals(Assert.java:776)
at org.testng.Assert.assertTrue(Assert.java:44)
at zeroBank.testcases.FeedbackPageTest.validateButtonsWithFullInformation(FeedbackPageTest.java:113)
at sun.reflect.NativeMethodAccessorImpl.invoke0(Native Method)
at sun.reflect.NativeMethodAccessorImpl.invoke(Unknown Source)
at sun.reflect.DelegatingMethodAccessorImpl.invoke(Unknown Source)
at java.lang.reflect.Method.invoke(Unknown Source)
at org.testng.internal.MethodInvocationHelper.invokeMethod(MethodInvocationHelper.java:124)
at org.testng.internal.Invoker.invokeMethod(Invoker.java:580)
at org.testng.internal.Invoker.invokeTestMethod(Invoker.java:716)
at org.testng.internal.Invoker.invokeTestMethods(Invoker.java:988)
at org.testng.internal.TestMethodWorker.invokeTestMethods(TestMethodWorker.java:125)
at org.testng.internal.TestMethodWorker.run(TestMethodWorker.java:109)
at org.testng.TestRunner.privateRun(TestRunner.java:648)
at org.testng.TestRunner.run(TestRunner.java:505)
at org.testng.SuiteRunner.runTest(SuiteRunner.java:455)
at org.testng.SuiteRunner.runSequentially(SuiteRunner.java:450)
at org.testng.SuiteRunner.privateRun(SuiteRunner.java:415)
at org.testng.SuiteRunner.run(SuiteRunner.java:364)
at org.testng.SuiteRunnerWorker.runSuite(SuiteRunnerWorker.java:52)
at org.testng.SuiteRunnerWorker.run(SuiteRunnerWorker.java:84)
at org.testng.TestNG.runSuitesSequentially(TestNG.java:1208)
at org.testng.TestNG.runSuitesLocally(TestNG.java:1137)
at org.testng.TestNG.runSuites(TestNG.java:1049)
at org.testng.TestNG.run(TestNG.java:1017)
at org.testng.remote.AbstractRemoteTestNG.run(AbstractRemoteTestNG.java:114)
at org.testng.remote.RemoteTestNG.initAndRun(RemoteTestNG.java:251)
at org.testng.remote.RemoteTestNG.main(RemoteTestNG.java:77)
]]>
    </failure>
  </testcase> <!-- validateButtonsWithFullInformation -->
  <testcase name="validateSubmissionWithOneTextbox" time="10.369" classname="zeroBank.testcases.FeedbackPageTest"/>
  <testcase name="validateSubmissionWithOneTextbox" time="10.797" classname="zeroBank.testcases.FeedbackPageTest"/>
  <testcase name="validateSubmissionWithOneTextbox" time="10.081" classname="zeroBank.testcases.FeedbackPageTest"/>
  <testcase name="validateSubmissionWithOneTextbox" time="20.083" classname="zeroBank.testcases.FeedbackPageTest"/>
  <testcase name="validateSubmissionWithOneTextbox" time="10.990" classname="zeroBank.testcases.FeedbackPageTest"/>
  <testcase name="validateSubmissionWithOneTextbox" time="9.979" classname="zeroBank.testcases.FeedbackPageTest"/>
  <testcase name="validateSubmissionWithOneTextbox" time="10.467" classname="zeroBank.testcases.FeedbackPageTest"/>
  <testcase name="validateSubmissionWithOneTextbox" time="10.374" classname="zeroBank.testcases.FeedbackPageTest"/>
  <testcase name="validateFAQlink" time="9.172" classname="zeroBank.testcases.FeedbackPageTest"/>
</testsuite> <!-- zeroBank.testcases.FeedbackPageTest -->
